<?xml version="1.0" encoding="UTF-8"?>
<!-- Generated by org.testng.reporters.JUnitXMLReporter -->
<testsuite hostname="qainfotech-OptiPlex-755" name="Command line test" tests="1" failures="1" timestamp="26 Jun 2018 08:22:54 GMT" time="6.261" errors="0">
  <testcase name="Step_01_Launch_Basic_Course" time="0.171" classname="com.org.learningMaven.myMavenProject.AssignmentTest">
    <failure type="java.lang.AssertionError" message="expected [false] but found [true]">
      <![CDATA[java.lang.AssertionError: expected [false] but found [true]
	at com.org.learningMaven.myMavenProject.HomePageActions.verifyPageLauched(HomePageActions.java:18)
	at com.org.learningMaven.myMavenProject.AssignmentTest.Step_01_Launch_Basic_Course(AssignmentTest.java:25)
	at org.apache.maven.surefire.testng.TestNGExecutor.run(TestNGExecutor.java:77)
	at org.apache.maven.surefire.testng.TestNGDirectoryTestSuite.execute(TestNGDirectoryTestSuite.java:110)
	at org.apache.maven.surefire.testng.TestNGProvider.invoke(TestNGProvider.java:106)
	at org.apache.maven.surefire.util.ReflectionUtils.invokeMethodWithArray(ReflectionUtils.java:189)
	at org.apache.maven.surefire.booter.ProviderFactory$ProviderProxy.invoke(ProviderFactory.java:165)
	at org.apache.maven.surefire.booter.ProviderFactory.invokeProvider(ProviderFactory.java:85)
	at org.apache.maven.surefire.booter.ForkedBooter.runSuitesInProcess(ForkedBooter.java:115)
	at org.apache.maven.surefire.booter.ForkedBooter.main(ForkedBooter.java:75)
... Removed 29 stack frames]]>
    </failure>
  </testcase> <!-- Step_01_Launch_Basic_Course -->
</testsuite> <!-- Command line test -->
